<?xml version="1.0" encoding="UTF-8"?>
<!-- Generated by org.testng.reporters.JUnitReportReporter -->
<testsuite hostname="DESKTOP-24NK06K" failures="0" tests="5" name="test.LoginTest" time="4.527" errors="0" timestamp="2021-01-27T13:50:56 EST" skipped="0">
  <testcase classname="test.LoginTest" name="test_wrong_username_login_info" time="0.791"/>
  <system-out/>
  <testcase classname="test.LoginTest" name="test_proper_login_info" time="1.140"/>
  <system-out/>
  <testcase classname="test.LoginTest" name="test_no_password_login_info" time="1.542"/>
  <system-out/>
  <testcase classname="test.LoginTest" name="test_wrong_password_login_info" time="0.665"/>
  <system-out/>
  <testcase classname="test.LoginTest" name="test_no_userName_login_info" time="0.389"/>
  <system-out/>
</testsuite> <!-- test.LoginTest -->
